Using pre-set license
Built from '2020.2/release' branch; Version is '2020.2.1f1 (270dd8c3da1c) revision 2559448'; Using compiler version '192528614'; Build Type 'Release'
OS: 'Windows 10  (10.0.0) 64bit' Language: 'en' Physical Memory: 16307 MB
BatchMode: 1, IsHumanControllingUs: 0, StartBugReporterOnCrash: 0, Is64bit: 1, IsPro: 0

 COMMAND LINE ARGUMENTS:
C:\Program Files\Unity\Hub\Editor\2020.2.1f1\Editor\Unity.exe
-adb2
-batchMode
-noUpm
-name
AssetImportWorker0
-projectPath
C:/Users/Den/Random-Assets-Platformer
-logFile
Logs/AssetImportWorker0.log
-srvPort
51385
Successfully changed project path to: C:/Users/Den/Random-Assets-Platformer
C:/Users/Den/Random-Assets-Platformer
Using Asset Import Pipeline V2.
Refreshing native plugins compatible for Editor in 29.18 ms, found 0 plugins.
Preloading 0 native plugins for Editor in 0.00 ms.
Initialize engine version: 2020.2.1f1 (270dd8c3da1c)
[Subsystems] Discovering subsystems at path C:/Program Files/Unity/Hub/Editor/2020.2.1f1/Editor/Data/Resources/UnitySubsystems
[Subsystems] Discovering subsystems at path C:/Users/Den/Random-Assets-Platformer/Assets
GfxDevice: creating device client; threaded=0
Direct3D:
    Version:  Direct3D 11.0 [level 11.1]
    Renderer: Radeon RX 570 Series (ID=0x67df)
    Vendor:   
    VRAM:     8171 MB
    Driver:   27.20.14535.1000
Initialize mono
Mono path[0] = 'C:/Program Files/Unity/Hub/Editor/2020.2.1f1/Editor/Data/Managed'
Mono path[1] = 'C:/Program Files/Unity/Hub/Editor/2020.2.1f1/Editor/Data/MonoBleedingEdge/lib/mono/unityjit'
Mono config path = 'C:/Program Files/Unity/Hub/Editor/2020.2.1f1/Editor/Data/MonoBleedingEdge/etc'
Using monoOptions --debugger-agent=transport=dt_socket,embedding=1,server=y,suspend=n,address=127.0.0.1:56624
Begin MonoManager ReloadAssembly
Registering precompiled unity dll's ...
Register platform support module: C:/Program Files/Unity/Hub/Editor/2020.2.1f1/Editor/Data/PlaybackEngines/WindowsStandaloneSupport/UnityEditor.WindowsStandalone.Extensions.dll
Registered in 0.001629 seconds.
Native extension for WindowsStandalone target not found
Refreshing native plugins compatible for Editor in 28.23 ms, found 0 plugins.
Preloading 0 native plugins for Editor in 0.00 ms.
Invoked RoslynAnalysisRunner static constructor.
RoslynAnalysisRunner will not be running.
RoslynAnalysisRunner has terminated.
Mono: successfully reloaded assembly
- Completed reload, in  1.188 seconds
Platform modules already initialized, skipping
Registering precompiled user dll's ...
Registered in 0.000838 seconds.
Begin MonoManager ReloadAssembly
Native extension for WindowsStandalone target not found
Refreshing native plugins compatible for Editor in 0.42 ms, found 0 plugins.
Preloading 0 native plugins for Editor in 0.00 ms.
Invoked RoslynAnalysisRunner static constructor.
RoslynAnalysisRunner will not be running.
RoslynAnalysisRunner has terminated.
Mono: successfully reloaded assembly
- Completed reload, in  0.834 seconds
Platform modules already initialized, skipping
========================================================================
Worker process is ready to serve import requests
Launched and connected shader compiler UnityShaderCompiler.exe after 0.11 seconds
Refreshing native plugins compatible for Editor in 0.54 ms, found 0 plugins.
Preloading 0 native plugins for Editor in 0.00 ms.
Unloading 1154 Unused Serialized files (Serialized files now loaded: 0)
System memory in use before: 60.2 MB.
System memory in use after: 60.3 MB.

Unloading 9 unused Assets to reduce memory usage. Loaded Objects now: 1595.
Total: 1.633900 ms (FindLiveObjects: 0.144100 ms CreateObjectMapping: 0.059500 ms MarkObjects: 1.380300 ms  DeleteObjects: 0.049100 ms)

========================================================================
Received Import Request.
  path: Assets/sounds/Effects/Jump2.wav
  artifactKey: Guid(5d990b86284534f708924254abb405c7) Importer(815301076,1909f56bfc062723c751e8b465ee728b)
Start importing Assets/sounds/Effects/Jump2.wav using Guid(5d990b86284534f708924254abb405c7) Importer(815301076,1909f56bfc062723c751e8b465ee728b)  -> (artifact id: '2a7688fd9502d2506df84e6e4afcddc8') in 0.177515 seconds
  Import took 0.180394 seconds .

========================================================================
Received Import Request.
  Time since last request: 0.000252 seconds.
  path: Assets/sounds/Effects/FootStepGrass1.wav
  artifactKey: Guid(6cd773818bdae474d8e863d7e373bc5f) Importer(815301076,1909f56bfc062723c751e8b465ee728b)
Start importing Assets/sounds/Effects/FootStepGrass1.wav using Guid(6cd773818bdae474d8e863d7e373bc5f) Importer(815301076,1909f56bfc062723c751e8b465ee728b)  -> (artifact id: '10ee2db6851a91d5820b7cb14166ca6d') in 0.034325 seconds
  Import took 0.036980 seconds .

========================================================================
Received Import Request.
  Time since last request: 0.000857 seconds.
  path: Assets/sounds/Effects/FootStepBlock1.wav
  artifactKey: Guid(9ee3053a3b11e4f9690f939ebc6ea5ec) Importer(815301076,1909f56bfc062723c751e8b465ee728b)
Start importing Assets/sounds/Effects/FootStepBlock1.wav using Guid(9ee3053a3b11e4f9690f939ebc6ea5ec) Importer(815301076,1909f56bfc062723c751e8b465ee728b)  -> (artifact id: 'b9b2eedeca972c9c6173deb03eb05dd8') in 0.022148 seconds
  Import took 0.025844 seconds .

========================================================================
Received Import Request.
  Time since last request: 0.000427 seconds.
  path: Assets/sounds/Effects/Jump.wav
  artifactKey: Guid(6c22c88240c3a498a881eeb174d36ee8) Importer(815301076,1909f56bfc062723c751e8b465ee728b)
Start importing Assets/sounds/Effects/Jump.wav using Guid(6c22c88240c3a498a881eeb174d36ee8) Importer(815301076,1909f56bfc062723c751e8b465ee728b)  -> (artifact id: 'd00cb4fc5938c8923616e291fba08a5c') in 0.028145 seconds
  Import took 0.031652 seconds .

========================================================================
Received Import Request.
  Time since last request: 0.000366 seconds.
  path: Assets/sounds/Effects/Checkpoint.wav
  artifactKey: Guid(43934f268310548609b5dc0e99ec39d0) Importer(815301076,1909f56bfc062723c751e8b465ee728b)
Start importing Assets/sounds/Effects/Checkpoint.wav using Guid(43934f268310548609b5dc0e99ec39d0) Importer(815301076,1909f56bfc062723c751e8b465ee728b)  -> (artifact id: '264d203081cdfe6f3c9e231ad4a32de1') in 0.026839 seconds
  Import took 0.030706 seconds .

========================================================================
Received Import Request.
  Time since last request: 0.000229 seconds.
  path: Assets/sounds/Effects/StompSlime.wav
  artifactKey: Guid(8a4847419ebab43c4a723e1de2493462) Importer(815301076,1909f56bfc062723c751e8b465ee728b)
Start importing Assets/sounds/Effects/StompSlime.wav using Guid(8a4847419ebab43c4a723e1de2493462) Importer(815301076,1909f56bfc062723c751e8b465ee728b)  -> (artifact id: 'a1723905154c8c798dcd69563be726cf') in 0.032317 seconds
  Import took 0.035223 seconds .

========================================================================
Received Import Request.
  Time since last request: 0.000286 seconds.
  path: Assets/sounds/Effects/Jump3.wav
  artifactKey: Guid(ef78499c9ffee4a48918cf0be45c3a60) Importer(815301076,1909f56bfc062723c751e8b465ee728b)
Start importing Assets/sounds/Effects/Jump3.wav using Guid(ef78499c9ffee4a48918cf0be45c3a60) Importer(815301076,1909f56bfc062723c751e8b465ee728b)  -> (artifact id: '95af57464899e3cd9e9ce91c8545bd28') in 0.020931 seconds
  Import took 0.023931 seconds .

========================================================================
Received Import Request.
  Time since last request: 0.000224 seconds.
  path: Assets/sounds/Effects/Jump1.wav
  artifactKey: Guid(8e7d841afbaf34a1dbc682bbccb1e02e) Importer(815301076,1909f56bfc062723c751e8b465ee728b)
Start importing Assets/sounds/Effects/Jump1.wav using Guid(8e7d841afbaf34a1dbc682bbccb1e02e) Importer(815301076,1909f56bfc062723c751e8b465ee728b)  -> (artifact id: '6b4b416ca20f1ecdf6e1add90042e2ab') in 0.021961 seconds
  Import took 0.026972 seconds .

========================================================================
Received Import Request.
  Time since last request: 42.157711 seconds.
  path: Assets/sprites/MainCharacter/Poses/adventurer_action1.png
  artifactKey: Guid(a7439dbdfba844497af35023dbdea471) Importer(815301076,1909f56bfc062723c751e8b465ee728b)
Start importing Assets/sprites/MainCharacter/Poses/adventurer_action1.png using Guid(a7439dbdfba844497af35023dbdea471) Importer(815301076,1909f56bfc062723c751e8b465ee728b)  -> (artifact id: '7d86cd1f51bb8be03ad40ed81cd5eff6') in 0.062914 seconds
  Import took 0.065144 seconds .

========================================================================
Received Import Request.
  Time since last request: 0.000306 seconds.
  path: Assets/sprites/MainCharacter/Poses/adventurer_climb1.png
  artifactKey: Guid(0e898e957fc4a4c25ae131917cbfb5d7) Importer(815301076,1909f56bfc062723c751e8b465ee728b)
Start importing Assets/sprites/MainCharacter/Poses/adventurer_climb1.png using Guid(0e898e957fc4a4c25ae131917cbfb5d7) Importer(815301076,1909f56bfc062723c751e8b465ee728b)  -> (artifact id: '54654cf84be957d4ce16e3cfcda0465e') in 0.023985 seconds
  Import took 0.026699 seconds .

========================================================================
Received Import Request.
  Time since last request: 0.000282 seconds.
  path: Assets/sprites/MainCharacter/Poses/adventurer_climb2.png
  artifactKey: Guid(4dd8fff6eb8d7459c9be37c89e85680b) Importer(815301076,1909f56bfc062723c751e8b465ee728b)
Start importing Assets/sprites/MainCharacter/Poses/adventurer_climb2.png using Guid(4dd8fff6eb8d7459c9be37c89e85680b) Importer(815301076,1909f56bfc062723c751e8b465ee728b)  -> (artifact id: '977452e29db0bedd6b5cda63daba7303') in 0.023665 seconds
  Import took 0.025802 seconds .

========================================================================
Received Import Request.
  Time since last request: 0.000291 seconds.
  path: Assets/sprites/MainCharacter/Poses/adventurer_action2.png
  artifactKey: Guid(7195b58d32d4941929001f3db9841a0e) Importer(815301076,1909f56bfc062723c751e8b465ee728b)
Start importing Assets/sprites/MainCharacter/Poses/adventurer_action2.png using Guid(7195b58d32d4941929001f3db9841a0e) Importer(815301076,1909f56bfc062723c751e8b465ee728b)  -> (artifact id: '0ed624f12d420c18c773314ad68f7966') in 0.030462 seconds
  Import took 0.032552 seconds .

========================================================================
Received Import Request.
  Time since last request: 0.000264 seconds.
  path: Assets/sprites/MainCharacter/Poses/adventurer_duck.png
  artifactKey: Guid(dfa0999359f87447784582e703f6a107) Importer(815301076,1909f56bfc062723c751e8b465ee728b)
Start importing Assets/sprites/MainCharacter/Poses/adventurer_duck.png using Guid(dfa0999359f87447784582e703f6a107) Importer(815301076,1909f56bfc062723c751e8b465ee728b)  -> (artifact id: '3573d40faefea45e8833b8a4ee057217') in 0.024482 seconds
  Import took 0.026849 seconds .

========================================================================
Received Import Request.
  Time since last request: 0.000224 seconds.
  path: Assets/sprites/MainCharacter/Poses/adventurer_cheer1.png
  artifactKey: Guid(98f09ffbb49924f7e9a491cb93edede1) Importer(815301076,1909f56bfc062723c751e8b465ee728b)
Start importing Assets/sprites/MainCharacter/Poses/adventurer_cheer1.png using Guid(98f09ffbb49924f7e9a491cb93edede1) Importer(815301076,1909f56bfc062723c751e8b465ee728b)  -> (artifact id: '8031e6d067fb387e3191b6e4f1a091ce') in 0.025424 seconds
  Import took 0.027905 seconds .

========================================================================
Received Import Request.
  Time since last request: 0.000327 seconds.
  path: Assets/sprites/MainCharacter/Poses/adventurer_cheer2.png
  artifactKey: Guid(96055e72328c14114aaa15bd576fd494) Importer(815301076,1909f56bfc062723c751e8b465ee728b)
Start importing Assets/sprites/MainCharacter/Poses/adventurer_cheer2.png using Guid(96055e72328c14114aaa15bd576fd494) Importer(815301076,1909f56bfc062723c751e8b465ee728b)  -> (artifact id: 'bb9e3037f02cb1dc5d833d546d482d9b') in 0.024118 seconds
  Import took 0.026678 seconds .

========================================================================
Received Import Request.
  Time since last request: 0.000244 seconds.
  path: Assets/sprites/MainCharacter/Poses/adventurer_back.png
  artifactKey: Guid(c1d911e2e3e5e4419b71683eb7a1d29a) Importer(815301076,1909f56bfc062723c751e8b465ee728b)
Start importing Assets/sprites/MainCharacter/Poses/adventurer_back.png using Guid(c1d911e2e3e5e4419b71683eb7a1d29a) Importer(815301076,1909f56bfc062723c751e8b465ee728b)  -> (artifact id: '8ca0be4b793b58c3c2e8b34dd9fa6812') in 0.032266 seconds
  Import took 0.034512 seconds .

========================================================================
Received Import Request.
  Time since last request: 1.651820 seconds.
  path: Assets/sprites/MainCharacter/Poses/adventurer_fall.png
  artifactKey: Guid(60f6dff24b05c448ca2b1e09d1a699f2) Importer(815301076,1909f56bfc062723c751e8b465ee728b)
Start importing Assets/sprites/MainCharacter/Poses/adventurer_fall.png using Guid(60f6dff24b05c448ca2b1e09d1a699f2) Importer(815301076,1909f56bfc062723c751e8b465ee728b)  -> (artifact id: '2fa80c91bbceebaf03472a53831ec826') in 0.029137 seconds
  Import took 0.031285 seconds .

========================================================================
Received Import Request.
  Time since last request: 0.000333 seconds.
  path: Assets/sprites/MainCharacter/Poses/adventurer_hang.png
  artifactKey: Guid(af9f158d86d784a38af310572edfdab0) Importer(815301076,1909f56bfc062723c751e8b465ee728b)
Start importing Assets/sprites/MainCharacter/Poses/adventurer_hang.png using Guid(af9f158d86d784a38af310572edfdab0) Importer(815301076,1909f56bfc062723c751e8b465ee728b)  -> (artifact id: '6ef996b01f4046b6e1d4f18371d4d9a7') in 0.026230 seconds
  Import took 0.028231 seconds .

========================================================================
Received Import Request.
  Time since last request: 0.025547 seconds.
  path: Assets/sprites/MainCharacter/Poses/adventurer_hold1.png
  artifactKey: Guid(922698d06fd8a43f9a47feacee0d24af) Importer(815301076,1909f56bfc062723c751e8b465ee728b)
Start importing Assets/sprites/MainCharacter/Poses/adventurer_hold1.png using Guid(922698d06fd8a43f9a47feacee0d24af) Importer(815301076,1909f56bfc062723c751e8b465ee728b)  -> (artifact id: '2a1447779fb4af96a482429cfaa96093') in 0.025395 seconds
  Import took 0.028192 seconds .

========================================================================
Received Import Request.
  Time since last request: 0.000349 seconds.
  path: Assets/sprites/MainCharacter/Poses/adventurer_hurt.png
  artifactKey: Guid(d6b7314e4ca1b40deae9e554576aedde) Importer(815301076,1909f56bfc062723c751e8b465ee728b)
Start importing Assets/sprites/MainCharacter/Poses/adventurer_hurt.png using Guid(d6b7314e4ca1b40deae9e554576aedde) Importer(815301076,1909f56bfc062723c751e8b465ee728b)  -> (artifact id: '09a88de23a8f3604a2973c2a0cbb5d4b') in 0.025007 seconds
  Import took 0.027062 seconds .

========================================================================
Received Import Request.
  Time since last request: 0.000301 seconds.
  path: Assets/sprites/MainCharacter/Poses/adventurer_idle.png
  artifactKey: Guid(b7366ead2a0244227b5e95dda77a1767) Importer(815301076,1909f56bfc062723c751e8b465ee728b)
Start importing Assets/sprites/MainCharacter/Poses/adventurer_idle.png using Guid(b7366ead2a0244227b5e95dda77a1767) Importer(815301076,1909f56bfc062723c751e8b465ee728b)  -> (artifact id: 'f613dbda1cc1bf9eef4a80ca4121e8e3') in 0.018590 seconds
  Import took 0.020654 seconds .

========================================================================
Received Import Request.
  Time since last request: 0.000273 seconds.
  path: Assets/sprites/MainCharacter/Poses/adventurer_hold2.png
  artifactKey: Guid(89519c73760284125bab4b3bbefc71d3) Importer(815301076,1909f56bfc062723c751e8b465ee728b)
Start importing Assets/sprites/MainCharacter/Poses/adventurer_hold2.png using Guid(89519c73760284125bab4b3bbefc71d3) Importer(815301076,1909f56bfc062723c751e8b465ee728b)  -> (artifact id: 'acf13c15872e6dc8d5e87c00031ba661') in 0.027698 seconds
  Import took 0.029764 seconds .

========================================================================
Received Import Request.
  Time since last request: 0.172454 seconds.
  path: Assets/sprites/MainCharacter/Poses/adventurer_jump.png
  artifactKey: Guid(531fdd604589048e7ba76ed6cef220e3) Importer(815301076,1909f56bfc062723c751e8b465ee728b)
Start importing Assets/sprites/MainCharacter/Poses/adventurer_jump.png using Guid(531fdd604589048e7ba76ed6cef220e3) Importer(815301076,1909f56bfc062723c751e8b465ee728b)  -> (artifact id: '11227b1bca3bb4173877363cf1950446') in 0.023688 seconds
  Import took 0.025832 seconds .

========================================================================
Received Import Request.
  Time since last request: 0.000257 seconds.
  path: Assets/sprites/MainCharacter/Poses/adventurer_kick.png
  artifactKey: Guid(c5b1bdf8533df440c8d5a710532754d5) Importer(815301076,1909f56bfc062723c751e8b465ee728b)
Start importing Assets/sprites/MainCharacter/Poses/adventurer_kick.png using Guid(c5b1bdf8533df440c8d5a710532754d5) Importer(815301076,1909f56bfc062723c751e8b465ee728b)  -> (artifact id: '1635f8360656eb7018ff6c735cfc86fa') in 0.024243 seconds
  Import took 0.026291 seconds .

========================================================================
Received Import Request.
  Time since last request: 0.000305 seconds.
  path: Assets/sprites/MainCharacter/Poses/adventurer_skid.png
  artifactKey: Guid(851c6d5d9cd9e4cbea5742675b327db5) Importer(815301076,1909f56bfc062723c751e8b465ee728b)
Start importing Assets/sprites/MainCharacter/Poses/adventurer_skid.png using Guid(851c6d5d9cd9e4cbea5742675b327db5) Importer(815301076,1909f56bfc062723c751e8b465ee728b)  -> (artifact id: '9cfbf3de35d996871baec595bdf635a8') in 0.025979 seconds
  Import took 0.028378 seconds .

========================================================================
Received Import Request.
  Time since last request: 0.000296 seconds.
  path: Assets/sprites/MainCharacter/Poses/adventurer_swim1.png
  artifactKey: Guid(8dad367fa9756448499596c803d19ede) Importer(815301076,1909f56bfc062723c751e8b465ee728b)
Start importing Assets/sprites/MainCharacter/Poses/adventurer_swim1.png using Guid(8dad367fa9756448499596c803d19ede) Importer(815301076,1909f56bfc062723c751e8b465ee728b)  -> (artifact id: '22369248a26edd6262a62111538a785f') in 0.027486 seconds
  Import took 0.029746 seconds .

========================================================================
Received Import Request.
  Time since last request: 0.000316 seconds.
  path: Assets/sprites/MainCharacter/Poses/adventurer_stand.png
  artifactKey: Guid(07e8a13459a884d6c806ef3da375ad5e) Importer(815301076,1909f56bfc062723c751e8b465ee728b)
Start importing Assets/sprites/MainCharacter/Poses/adventurer_stand.png using Guid(07e8a13459a884d6c806ef3da375ad5e) Importer(815301076,1909f56bfc062723c751e8b465ee728b)  -> (artifact id: '3b41b9974d135b174c28f8ef9f617e85') in 0.029610 seconds
  Import took 0.032025 seconds .

========================================================================
Received Import Request.
  Time since last request: 0.000241 seconds.
  path: Assets/sprites/MainCharacter/Poses/adventurer_slide.png
  artifactKey: Guid(521a2cdd741bc4be8bc1c538766cc16b) Importer(815301076,1909f56bfc062723c751e8b465ee728b)
Start importing Assets/sprites/MainCharacter/Poses/adventurer_slide.png using Guid(521a2cdd741bc4be8bc1c538766cc16b) Importer(815301076,1909f56bfc062723c751e8b465ee728b)  -> (artifact id: '64c1db67e86e496597a2768ccb375b84') in 0.024664 seconds
  Import took 0.027116 seconds .

========================================================================
Received Import Request.
  Time since last request: 0.000280 seconds.
  path: Assets/sprites/MainCharacter/Poses/adventurer_jump.png
  artifactKey: Guid(531fdd604589048e7ba76ed6cef220e3) Importer(815301076,1909f56bfc062723c751e8b465ee728b)
Start importing Assets/sprites/MainCharacter/Poses/adventurer_jump.png using Guid(531fdd604589048e7ba76ed6cef220e3) Importer(815301076,1909f56bfc062723c751e8b465ee728b)  -> (artifact id: '11227b1bca3bb4173877363cf1950446') in 0.012029 seconds
  Import took 0.014572 seconds .

========================================================================
Received Import Request.
  Time since last request: 1.297940 seconds.
  path: Assets/sprites/MainCharacter/Poses/adventurer_swim2.png
  artifactKey: Guid(c36bad36ca8c2434ca8f56455a9425c4) Importer(815301076,1909f56bfc062723c751e8b465ee728b)
Start importing Assets/sprites/MainCharacter/Poses/adventurer_swim2.png using Guid(c36bad36ca8c2434ca8f56455a9425c4) Importer(815301076,1909f56bfc062723c751e8b465ee728b)  -> (artifact id: '75cbdbcaeb616f8c9d5bbd75c23d34d3') in 0.027726 seconds
  Import took 0.029858 seconds .

========================================================================
Received Import Request.
  Time since last request: 0.000294 seconds.
  path: Assets/sprites/Items/buttonYellow.png
  artifactKey: Guid(60c6e24d6c5504232aa905176806aaea) Importer(815301076,1909f56bfc062723c751e8b465ee728b)
Start importing Assets/sprites/Items/buttonYellow.png using Guid(60c6e24d6c5504232aa905176806aaea) Importer(815301076,1909f56bfc062723c751e8b465ee728b)  -> (artifact id: 'd2d0f7e10fa9b2a6c4cb79514846abf0') in 0.024236 seconds
  Import took 0.026200 seconds .

========================================================================
Received Import Request.
  Time since last request: 0.000340 seconds.
  path: Assets/sprites/MainCharacter/Poses/adventurer_walk1.png
  artifactKey: Guid(6711ee67b7a7d499787cae77d8a5cc34) Importer(815301076,1909f56bfc062723c751e8b465ee728b)
Start importing Assets/sprites/MainCharacter/Poses/adventurer_walk1.png using Guid(6711ee67b7a7d499787cae77d8a5cc34) Importer(815301076,1909f56bfc062723c751e8b465ee728b)  -> (artifact id: '2ec3636cd979db42b6cd3e524fb0015c') in 0.026323 seconds
  Import took 0.028696 seconds .

========================================================================
Received Import Request.
  Time since last request: 0.000284 seconds.
  path: Assets/Standard Assets/CrossPlatformInput/Sprites/ButtonTimescaleSlowUpSprite.png
  artifactKey: Guid(9d7c6e4896067aa4fa512a00f692ac1c) Importer(815301076,1909f56bfc062723c751e8b465ee728b)
Start importing Assets/Standard Assets/CrossPlatformInput/Sprites/ButtonTimescaleSlowUpSprite.png using Guid(9d7c6e4896067aa4fa512a00f692ac1c) Importer(815301076,1909f56bfc062723c751e8b465ee728b)  -> (artifact id: 'a7f0d0a4cbf6b703521adf574f490bac') in 0.030693 seconds
  Import took 0.033051 seconds .

========================================================================
Received Import Request.
  Time since last request: 0.000307 seconds.
  path: Assets/Standard Assets/CrossPlatformInput/Sprites/ButtonArrowOverSprite.png
  artifactKey: Guid(49b611e658efbf443b686a4036f74fe3) Importer(815301076,1909f56bfc062723c751e8b465ee728b)
Start importing Assets/Standard Assets/CrossPlatformInput/Sprites/ButtonArrowOverSprite.png using Guid(49b611e658efbf443b686a4036f74fe3) Importer(815301076,1909f56bfc062723c751e8b465ee728b)  -> (artifact id: '7404c07be764a837b34c535294fb5ec0') in 0.032305 seconds
  Import took 0.035372 seconds .

========================================================================
Received Import Request.
  Time since last request: 0.000346 seconds.
  path: Assets/sprites/MainCharacter/Poses/adventurer_walk2.png
  artifactKey: Guid(b7a29875382f2405fba5547d6a64b7d2) Importer(815301076,1909f56bfc062723c751e8b465ee728b)
Start importing Assets/sprites/MainCharacter/Poses/adventurer_walk2.png using Guid(b7a29875382f2405fba5547d6a64b7d2) Importer(815301076,1909f56bfc062723c751e8b465ee728b)  -> (artifact id: '58784d7eafa96be3c0c4beebac93373c') in 0.024728 seconds
  Import took 0.027070 seconds .

========================================================================
Received Import Request.
  Time since last request: 0.000271 seconds.
  path: Assets/Standard Assets/CrossPlatformInput/Sprites/ButtonArrowUpSprite.png
  artifactKey: Guid(4db017495c69e8140a56a0e2b669e3f8) Importer(815301076,1909f56bfc062723c751e8b465ee728b)
Start importing Assets/Standard Assets/CrossPlatformInput/Sprites/ButtonArrowUpSprite.png using Guid(4db017495c69e8140a56a0e2b669e3f8) Importer(815301076,1909f56bfc062723c751e8b465ee728b)  -> (artifact id: 'c27cc18dbadfa8aca8c1c2074980f6ea') in 0.024578 seconds
  Import took 0.026577 seconds .

========================================================================
Received Import Request.
  Time since last request: 2.419658 seconds.
  path: Assets/prefabs/LevelItems/Level.prefab
  artifactKey: Guid(cf6d48b30363d42a8a900bd7a51c71f5) Importer(815301076,1909f56bfc062723c751e8b465ee728b)
Start importing Assets/prefabs/LevelItems/Level.prefab using Guid(cf6d48b30363d42a8a900bd7a51c71f5) Importer(815301076,1909f56bfc062723c751e8b465ee728b)  -> (artifact id: '36a1e2a25c2d309c41ccb2c01e03eba5') in 0.050510 seconds
  Import took 0.053223 seconds .

========================================================================
Received Import Request.
  Time since last request: 1.730066 seconds.
  path: Assets/prefabs/LevelItems/Level.prefab
  artifactKey: Guid(cf6d48b30363d42a8a900bd7a51c71f5) Importer(815301076,1909f56bfc062723c751e8b465ee728b)
Start importing Assets/prefabs/LevelItems/Level.prefab using Guid(cf6d48b30363d42a8a900bd7a51c71f5) Importer(815301076,1909f56bfc062723c751e8b465ee728b)  -> (artifact id: 'd0c636e7007668e361a0e5a6929b0686') in 0.016618 seconds
  Import took 0.019487 seconds .

========================================================================
Received Import Request.
  Time since last request: 0.584225 seconds.
  path: Assets/prefabs/LevelItems/Level.prefab
  artifactKey: Guid(cf6d48b30363d42a8a900bd7a51c71f5) Importer(815301076,1909f56bfc062723c751e8b465ee728b)
Start importing Assets/prefabs/LevelItems/Level.prefab using Guid(cf6d48b30363d42a8a900bd7a51c71f5) Importer(815301076,1909f56bfc062723c751e8b465ee728b)  -> (artifact id: 'e0b593925ec5e403ed98711f31e40f2f') in 0.016514 seconds
  Import took 0.019286 seconds .

========================================================================
Received Import Request.
  Time since last request: 10.651752 seconds.
  path: Assets/prefabs/LevelItems/LevelDecorations.prefab
  artifactKey: Guid(5696085af06394f569e3229988673812) Importer(815301076,1909f56bfc062723c751e8b465ee728b)
Start importing Assets/prefabs/LevelItems/LevelDecorations.prefab using Guid(5696085af06394f569e3229988673812) Importer(815301076,1909f56bfc062723c751e8b465ee728b)  -> (artifact id: '454b6a9038f1eb86795f97a09d82c3dd') in 0.011402 seconds
  Import took 0.013929 seconds .

========================================================================
Received Prepare
Registering precompiled user dll's ...
Registered in 0.000844 seconds.
Begin MonoManager ReloadAssembly
Native extension for WindowsStandalone target not found
Refreshing native plugins compatible for Editor in 0.65 ms, found 0 plugins.
Preloading 0 native plugins for Editor in 0.00 ms.
Invoked RoslynAnalysisRunner static constructor.
RoslynAnalysisRunner will not be running.
RoslynAnalysisRunner has terminated.
Mono: successfully reloaded assembly
- Completed reload, in  0.806 seconds
Platform modules already initialized, skipping
Refreshing native plugins compatible for Editor in 0.28 ms, found 0 plugins.
Preloading 0 native plugins for Editor in 0.00 ms.
Unloading 1135 Unused Serialized files (Serialized files now loaded: 0)
System memory in use before: 62.3 MB.
System memory in use after: 62.4 MB.

Unloading 4 unused Assets to reduce memory usage. Loaded Objects now: 1612.
Total: 1.467800 ms (FindLiveObjects: 0.130100 ms CreateObjectMapping: 0.033500 ms MarkObjects: 1.289800 ms  DeleteObjects: 0.013400 ms)

========================================================================
Received Prepare
Registering precompiled user dll's ...
Registered in 0.001029 seconds.
Begin MonoManager ReloadAssembly
Native extension for WindowsStandalone target not found
Refreshing native plugins compatible for Editor in 0.33 ms, found 0 plugins.
Preloading 0 native plugins for Editor in 0.00 ms.
Invoked RoslynAnalysisRunner static constructor.
RoslynAnalysisRunner will not be running.
RoslynAnalysisRunner has terminated.
Mono: successfully reloaded assembly
- Completed reload, in  0.777 seconds
Platform modules already initialized, skipping
Refreshing native plugins compatible for Editor in 0.27 ms, found 0 plugins.
Preloading 0 native plugins for Editor in 0.00 ms.
Unloading 1135 Unused Serialized files (Serialized files now loaded: 0)
System memory in use before: 62.5 MB.
System memory in use after: 62.6 MB.

Unloading 4 unused Assets to reduce memory usage. Loaded Objects now: 1614.
Total: 1.923400 ms (FindLiveObjects: 0.186100 ms CreateObjectMapping: 0.082000 ms MarkObjects: 1.636400 ms  DeleteObjects: 0.017300 ms)

========================================================================
Received Prepare
Registering precompiled user dll's ...
Registered in 0.000751 seconds.
Begin MonoManager ReloadAssembly
Native extension for WindowsStandalone target not found
Refreshing native plugins compatible for Editor in 0.38 ms, found 0 plugins.
Preloading 0 native plugins for Editor in 0.00 ms.
Invoked RoslynAnalysisRunner static constructor.
RoslynAnalysisRunner will not be running.
RoslynAnalysisRunner has terminated.
Mono: successfully reloaded assembly
- Completed reload, in  0.792 seconds
Platform modules already initialized, skipping
Refreshing native plugins compatible for Editor in 0.30 ms, found 0 plugins.
Preloading 0 native plugins for Editor in 0.00 ms.
Unloading 1135 Unused Serialized files (Serialized files now loaded: 0)
System memory in use before: 62.7 MB.
System memory in use after: 62.8 MB.

Unloading 4 unused Assets to reduce memory usage. Loaded Objects now: 1616.
Total: 1.659100 ms (FindLiveObjects: 0.140900 ms CreateObjectMapping: 0.036100 ms MarkObjects: 1.466400 ms  DeleteObjects: 0.014700 ms)

========================================================================
Received Prepare
Registering precompiled user dll's ...
Registered in 0.000815 seconds.
Begin MonoManager ReloadAssembly
Native extension for WindowsStandalone target not found
Refreshing native plugins compatible for Editor in 0.35 ms, found 0 plugins.
Preloading 0 native plugins for Editor in 0.00 ms.
Invoked RoslynAnalysisRunner static constructor.
RoslynAnalysisRunner will not be running.
RoslynAnalysisRunner has terminated.
Mono: successfully reloaded assembly
- Completed reload, in  0.793 seconds
Platform modules already initialized, skipping
Refreshing native plugins compatible for Editor in 0.28 ms, found 0 plugins.
Preloading 0 native plugins for Editor in 0.00 ms.
Unloading 1135 Unused Serialized files (Serialized files now loaded: 0)
System memory in use before: 62.9 MB.
System memory in use after: 63.0 MB.

Unloading 4 unused Assets to reduce memory usage. Loaded Objects now: 1618.
Total: 1.514100 ms (FindLiveObjects: 0.158100 ms CreateObjectMapping: 0.036600 ms MarkObjects: 1.305700 ms  DeleteObjects: 0.012600 ms)

========================================================================
Received Prepare
Registering precompiled user dll's ...
Registered in 0.000765 seconds.
Begin MonoManager ReloadAssembly
Native extension for WindowsStandalone target not found
Refreshing native plugins compatible for Editor in 0.58 ms, found 0 plugins.
Preloading 0 native plugins for Editor in 0.00 ms.
Invoked RoslynAnalysisRunner static constructor.
RoslynAnalysisRunner will not be running.
RoslynAnalysisRunner has terminated.
Mono: successfully reloaded assembly
- Completed reload, in  0.782 seconds
Platform modules already initialized, skipping
Refreshing native plugins compatible for Editor in 0.28 ms, found 0 plugins.
Preloading 0 native plugins for Editor in 0.00 ms.
Unloading 1135 Unused Serialized files (Serialized files now loaded: 0)
System memory in use before: 63.0 MB.
System memory in use after: 63.1 MB.

Unloading 4 unused Assets to reduce memory usage. Loaded Objects now: 1620.
Total: 1.915000 ms (FindLiveObjects: 0.200100 ms CreateObjectMapping: 0.043400 ms MarkObjects: 1.653300 ms  DeleteObjects: 0.017100 ms)

========================================================================
Received Prepare
Registering precompiled user dll's ...
Registered in 0.000773 seconds.
Begin MonoManager ReloadAssembly
Native extension for WindowsStandalone target not found
Refreshing native plugins compatible for Editor in 0.37 ms, found 0 plugins.
Preloading 0 native plugins for Editor in 0.00 ms.
Invoked RoslynAnalysisRunner static constructor.
RoslynAnalysisRunner will not be running.
RoslynAnalysisRunner has terminated.
Mono: successfully reloaded assembly
- Completed reload, in  0.853 seconds
Platform modules already initialized, skipping
Refreshing native plugins compatible for Editor in 0.28 ms, found 0 plugins.
Preloading 0 native plugins for Editor in 0.00 ms.
Unloading 1135 Unused Serialized files (Serialized files now loaded: 0)
System memory in use before: 63.3 MB.
System memory in use after: 63.4 MB.

Unloading 4 unused Assets to reduce memory usage. Loaded Objects now: 1622.
Total: 2.705300 ms (FindLiveObjects: 0.346200 ms CreateObjectMapping: 0.136300 ms MarkObjects: 2.201300 ms  DeleteObjects: 0.019400 ms)

========================================================================
Received Prepare
Registering precompiled user dll's ...
Registered in 0.000801 seconds.
Begin MonoManager ReloadAssembly
Native extension for WindowsStandalone target not found
Refreshing native plugins compatible for Editor in 0.57 ms, found 0 plugins.
Preloading 0 native plugins for Editor in 0.00 ms.
Invoked RoslynAnalysisRunner static constructor.
RoslynAnalysisRunner will not be running.
RoslynAnalysisRunner has terminated.
Mono: successfully reloaded assembly
- Completed reload, in  0.818 seconds
Platform modules already initialized, skipping
Refreshing native plugins compatible for Editor in 0.34 ms, found 0 plugins.
Preloading 0 native plugins for Editor in 0.00 ms.
Unloading 1135 Unused Serialized files (Serialized files now loaded: 0)
System memory in use before: 63.5 MB.
System memory in use after: 63.6 MB.

Unloading 4 unused Assets to reduce memory usage. Loaded Objects now: 1624.
Total: 1.738900 ms (FindLiveObjects: 0.147100 ms CreateObjectMapping: 0.041200 ms MarkObjects: 1.530600 ms  DeleteObjects: 0.018400 ms)

========================================================================
Received Prepare
Registering precompiled user dll's ...
Registered in 0.000850 seconds.
Begin MonoManager ReloadAssembly
Native extension for WindowsStandalone target not found
Refreshing native plugins compatible for Editor in 0.31 ms, found 0 plugins.
Preloading 0 native plugins for Editor in 0.00 ms.
Invoked RoslynAnalysisRunner static constructor.
RoslynAnalysisRunner will not be running.
RoslynAnalysisRunner has terminated.
Mono: successfully reloaded assembly
- Completed reload, in  0.773 seconds
Platform modules already initialized, skipping
Refreshing native plugins compatible for Editor in 0.31 ms, found 0 plugins.
Preloading 0 native plugins for Editor in 0.00 ms.
Unloading 1135 Unused Serialized files (Serialized files now loaded: 0)
System memory in use before: 63.7 MB.
System memory in use after: 63.8 MB.

Unloading 4 unused Assets to reduce memory usage. Loaded Objects now: 1626.
Total: 1.648900 ms (FindLiveObjects: 0.166200 ms CreateObjectMapping: 0.050000 ms MarkObjects: 1.417100 ms  DeleteObjects: 0.014600 ms)

========================================================================
Received Prepare
Registering precompiled user dll's ...
Registered in 0.000817 seconds.
Begin MonoManager ReloadAssembly
Native extension for WindowsStandalone target not found
Refreshing native plugins compatible for Editor in 0.33 ms, found 0 plugins.
Preloading 0 native plugins for Editor in 0.00 ms.
Invoked RoslynAnalysisRunner static constructor.
RoslynAnalysisRunner will not be running.
RoslynAnalysisRunner has terminated.
Mono: successfully reloaded assembly
- Completed reload, in  0.789 seconds
Platform modules already initialized, skipping
Refreshing native plugins compatible for Editor in 0.29 ms, found 0 plugins.
Preloading 0 native plugins for Editor in 0.00 ms.
Unloading 1135 Unused Serialized files (Serialized files now loaded: 0)
System memory in use before: 63.9 MB.
System memory in use after: 64.0 MB.

Unloading 4 unused Assets to reduce memory usage. Loaded Objects now: 1628.
Total: 2.047000 ms (FindLiveObjects: 0.167900 ms CreateObjectMapping: 0.039700 ms MarkObjects: 1.802800 ms  DeleteObjects: 0.035400 ms)

========================================================================
Received Prepare
Registering precompiled user dll's ...
Registered in 0.000969 seconds.
Begin MonoManager ReloadAssembly
Native extension for WindowsStandalone target not found
Refreshing native plugins compatible for Editor in 0.33 ms, found 0 plugins.
Preloading 0 native plugins for Editor in 0.00 ms.
Invoked RoslynAnalysisRunner static constructor.
RoslynAnalysisRunner will not be running.
RoslynAnalysisRunner has terminated.
Mono: successfully reloaded assembly
- Completed reload, in  0.801 seconds
Platform modules already initialized, skipping
Refreshing native plugins compatible for Editor in 0.27 ms, found 0 plugins.
Preloading 0 native plugins for Editor in 0.00 ms.
Unloading 1135 Unused Serialized files (Serialized files now loaded: 0)
System memory in use before: 64.0 MB.
System memory in use after: 64.1 MB.

Unloading 4 unused Assets to reduce memory usage. Loaded Objects now: 1630.
Total: 1.570700 ms (FindLiveObjects: 0.147500 ms CreateObjectMapping: 0.035400 ms MarkObjects: 1.372100 ms  DeleteObjects: 0.014800 ms)

========================================================================
Received Prepare
Registering precompiled user dll's ...
Registered in 0.000804 seconds.
Begin MonoManager ReloadAssembly
Native extension for WindowsStandalone target not found
Refreshing native plugins compatible for Editor in 0.28 ms, found 0 plugins.
Preloading 0 native plugins for Editor in 0.00 ms.
Invoked RoslynAnalysisRunner static constructor.
RoslynAnalysisRunner will not be running.
RoslynAnalysisRunner has terminated.
Mono: successfully reloaded assembly
- Completed reload, in  0.783 seconds
Platform modules already initialized, skipping
Refreshing native plugins compatible for Editor in 0.29 ms, found 0 plugins.
Preloading 0 native plugins for Editor in 0.00 ms.
Unloading 1135 Unused Serialized files (Serialized files now loaded: 0)
System memory in use before: 63.2 MB.
System memory in use after: 63.3 MB.

Unloading 4 unused Assets to reduce memory usage. Loaded Objects now: 1632.
Total: 1.850000 ms (FindLiveObjects: 0.153000 ms CreateObjectMapping: 0.038000 ms MarkObjects: 1.639700 ms  DeleteObjects: 0.017400 ms)

========================================================================
Received Prepare
Registering precompiled user dll's ...
Registered in 0.000946 seconds.
Begin MonoManager ReloadAssembly
Native extension for WindowsStandalone target not found
Refreshing native plugins compatible for Editor in 0.32 ms, found 0 plugins.
Preloading 0 native plugins for Editor in 0.00 ms.
Invoked RoslynAnalysisRunner static constructor.
RoslynAnalysisRunner will not be running.
RoslynAnalysisRunner has terminated.
Mono: successfully reloaded assembly
- Completed reload, in  0.774 seconds
Platform modules already initialized, skipping
Refreshing native plugins compatible for Editor in 0.51 ms, found 0 plugins.
Preloading 0 native plugins for Editor in 0.00 ms.
Unloading 1135 Unused Serialized files (Serialized files now loaded: 0)
System memory in use before: 63.4 MB.
System memory in use after: 63.5 MB.

Unloading 4 unused Assets to reduce memory usage. Loaded Objects now: 1634.
Total: 1.474700 ms (FindLiveObjects: 0.140800 ms CreateObjectMapping: 0.034200 ms MarkObjects: 1.284300 ms  DeleteObjects: 0.013900 ms)

========================================================================
Received Prepare
Registering precompiled user dll's ...
Registered in 0.000836 seconds.
Begin MonoManager ReloadAssembly
Native extension for WindowsStandalone target not found
Refreshing native plugins compatible for Editor in 0.54 ms, found 0 plugins.
Preloading 0 native plugins for Editor in 0.00 ms.
Invoked RoslynAnalysisRunner static constructor.
RoslynAnalysisRunner will not be running.
RoslynAnalysisRunner has terminated.
Mono: successfully reloaded assembly
- Completed reload, in  0.778 seconds
Platform modules already initialized, skipping
Refreshing native plugins compatible for Editor in 0.27 ms, found 0 plugins.
Preloading 0 native plugins for Editor in 0.00 ms.
Unloading 1135 Unused Serialized files (Serialized files now loaded: 0)
System memory in use before: 63.6 MB.
System memory in use after: 63.7 MB.

Unloading 4 unused Assets to reduce memory usage. Loaded Objects now: 1636.
Total: 1.717300 ms (FindLiveObjects: 0.164500 ms CreateObjectMapping: 0.046200 ms MarkObjects: 1.488800 ms  DeleteObjects: 0.016500 ms)

========================================================================
Received Prepare
Registering precompiled user dll's ...
Registered in 0.000933 seconds.
Begin MonoManager ReloadAssembly
Native extension for WindowsStandalone target not found
Refreshing native plugins compatible for Editor in 0.46 ms, found 0 plugins.
Preloading 0 native plugins for Editor in 0.00 ms.
Invoked RoslynAnalysisRunner static constructor.
RoslynAnalysisRunner will not be running.
RoslynAnalysisRunner has terminated.
Mono: successfully reloaded assembly
- Completed reload, in  0.775 seconds
Platform modules already initialized, skipping
Refreshing native plugins compatible for Editor in 0.29 ms, found 0 plugins.
Preloading 0 native plugins for Editor in 0.00 ms.
Unloading 1135 Unused Serialized files (Serialized files now loaded: 0)
System memory in use before: 63.8 MB.
System memory in use after: 63.9 MB.

Unloading 4 unused Assets to reduce memory usage. Loaded Objects now: 1638.
Total: 1.672300 ms (FindLiveObjects: 0.153800 ms CreateObjectMapping: 0.041000 ms MarkObjects: 1.461500 ms  DeleteObjects: 0.014600 ms)

========================================================================
Received Prepare
Registering precompiled user dll's ...
Registered in 0.001004 seconds.
Begin MonoManager ReloadAssembly
Native extension for WindowsStandalone target not found
Refreshing native plugins compatible for Editor in 0.40 ms, found 0 plugins.
Preloading 0 native plugins for Editor in 0.00 ms.
Invoked RoslynAnalysisRunner static constructor.
RoslynAnalysisRunner will not be running.
RoslynAnalysisRunner has terminated.
Mono: successfully reloaded assembly
- Completed reload, in  0.958 seconds
Platform modules already initialized, skipping
Refreshing native plugins compatible for Editor in 0.29 ms, found 0 plugins.
Preloading 0 native plugins for Editor in 0.00 ms.
Unloading 1135 Unused Serialized files (Serialized files now loaded: 0)
System memory in use before: 64.0 MB.
System memory in use after: 64.1 MB.

Unloading 4 unused Assets to reduce memory usage. Loaded Objects now: 1640.
Total: 3.266200 ms (FindLiveObjects: 0.395100 ms CreateObjectMapping: 0.324500 ms MarkObjects: 2.521200 ms  DeleteObjects: 0.017800 ms)

========================================================================
Received Prepare
Registering precompiled user dll's ...
Registered in 0.000738 seconds.
Begin MonoManager ReloadAssembly
Native extension for WindowsStandalone target not found
Refreshing native plugins compatible for Editor in 0.28 ms, found 0 plugins.
Preloading 0 native plugins for Editor in 0.00 ms.
Invoked RoslynAnalysisRunner static constructor.
RoslynAnalysisRunner will not be running.
RoslynAnalysisRunner has terminated.
Mono: successfully reloaded assembly
- Completed reload, in  0.791 seconds
Platform modules already initialized, skipping
Refreshing native plugins compatible for Editor in 0.28 ms, found 0 plugins.
Preloading 0 native plugins for Editor in 0.00 ms.
Unloading 1135 Unused Serialized files (Serialized files now loaded: 0)
System memory in use before: 64.1 MB.
System memory in use after: 64.2 MB.

Unloading 4 unused Assets to reduce memory usage. Loaded Objects now: 1642.
Total: 1.849800 ms (FindLiveObjects: 0.174900 ms CreateObjectMapping: 0.037500 ms MarkObjects: 1.610200 ms  DeleteObjects: 0.025500 ms)

========================================================================
Received Prepare
Registering precompiled user dll's ...
Registered in 0.000857 seconds.
Begin MonoManager ReloadAssembly
Native extension for WindowsStandalone target not found
Refreshing native plugins compatible for Editor in 0.33 ms, found 0 plugins.
Preloading 0 native plugins for Editor in 0.00 ms.
Invoked RoslynAnalysisRunner static constructor.
RoslynAnalysisRunner will not be running.
RoslynAnalysisRunner has terminated.
Mono: successfully reloaded assembly
- Completed reload, in  0.854 seconds
Platform modules already initialized, skipping
Refreshing native plugins compatible for Editor in 0.28 ms, found 0 plugins.
Preloading 0 native plugins for Editor in 0.00 ms.
Unloading 1135 Unused Serialized files (Serialized files now loaded: 0)
System memory in use before: 63.4 MB.
System memory in use after: 63.5 MB.

Unloading 4 unused Assets to reduce memory usage. Loaded Objects now: 1644.
Total: 1.614100 ms (FindLiveObjects: 0.176900 ms CreateObjectMapping: 0.043400 ms MarkObjects: 1.377600 ms  DeleteObjects: 0.015100 ms)

========================================================================
Received Prepare
Registering precompiled user dll's ...
Registered in 0.001001 seconds.
Begin MonoManager ReloadAssembly
Native extension for WindowsStandalone target not found
Refreshing native plugins compatible for Editor in 0.31 ms, found 0 plugins.
Preloading 0 native plugins for Editor in 0.00 ms.
Invoked RoslynAnalysisRunner static constructor.
RoslynAnalysisRunner will not be running.
RoslynAnalysisRunner has terminated.
Mono: successfully reloaded assembly
- Completed reload, in  0.931 seconds
Platform modules already initialized, skipping
Refreshing native plugins compatible for Editor in 0.33 ms, found 0 plugins.
Preloading 0 native plugins for Editor in 0.00 ms.
Unloading 1135 Unused Serialized files (Serialized files now loaded: 0)
System memory in use before: 63.6 MB.
System memory in use after: 63.7 MB.

Unloading 4 unused Assets to reduce memory usage. Loaded Objects now: 1646.
Total: 1.768400 ms (FindLiveObjects: 0.139100 ms CreateObjectMapping: 0.042100 ms MarkObjects: 1.567300 ms  DeleteObjects: 0.017500 ms)

========================================================================
Received Prepare
Registering precompiled user dll's ...
Registered in 0.000993 seconds.
Begin MonoManager ReloadAssembly
Native extension for WindowsStandalone target not found
Refreshing native plugins compatible for Editor in 0.37 ms, found 0 plugins.
Preloading 0 native plugins for Editor in 0.00 ms.
Invoked RoslynAnalysisRunner static constructor.
RoslynAnalysisRunner will not be running.
RoslynAnalysisRunner has terminated.
Mono: successfully reloaded assembly
- Completed reload, in  0.911 seconds
Platform modules already initialized, skipping
Refreshing native plugins compatible for Editor in 0.30 ms, found 0 plugins.
Preloading 0 native plugins for Editor in 0.00 ms.
Unloading 1135 Unused Serialized files (Serialized files now loaded: 0)
System memory in use before: 63.8 MB.
System memory in use after: 63.9 MB.

Unloading 4 unused Assets to reduce memory usage. Loaded Objects now: 1648.
Total: 3.023700 ms (FindLiveObjects: 0.332200 ms CreateObjectMapping: 0.104600 ms MarkObjects: 2.570000 ms  DeleteObjects: 0.015600 ms)

========================================================================
Received Prepare
Registering precompiled user dll's ...
Registered in 0.000968 seconds.
Begin MonoManager ReloadAssembly
Native extension for WindowsStandalone target not found
Refreshing native plugins compatible for Editor in 0.33 ms, found 0 plugins.
Preloading 0 native plugins for Editor in 0.00 ms.
Invoked RoslynAnalysisRunner static constructor.
RoslynAnalysisRunner will not be running.
RoslynAnalysisRunner has terminated.
Mono: successfully reloaded assembly
- Completed reload, in  0.951 seconds
Platform modules already initialized, skipping
Refreshing native plugins compatible for Editor in 0.29 ms, found 0 plugins.
Preloading 0 native plugins for Editor in 0.00 ms.
Unloading 1135 Unused Serialized files (Serialized files now loaded: 0)
System memory in use before: 64.0 MB.
System memory in use after: 64.1 MB.

Unloading 4 unused Assets to reduce memory usage. Loaded Objects now: 1650.
Total: 2.019800 ms (FindLiveObjects: 0.151600 ms CreateObjectMapping: 0.059200 ms MarkObjects: 1.791900 ms  DeleteObjects: 0.015800 ms)

========================================================================
Received Prepare
Registering precompiled user dll's ...
Registered in 0.000773 seconds.
Begin MonoManager ReloadAssembly
Native extension for WindowsStandalone target not found
Refreshing native plugins compatible for Editor in 0.35 ms, found 0 plugins.
Preloading 0 native plugins for Editor in 0.00 ms.
Invoked RoslynAnalysisRunner static constructor.
RoslynAnalysisRunner will not be running.
RoslynAnalysisRunner has terminated.
Mono: successfully reloaded assembly
- Completed reload, in  0.914 seconds
Platform modules already initialized, skipping
Refreshing native plugins compatible for Editor in 0.31 ms, found 0 plugins.
Preloading 0 native plugins for Editor in 0.00 ms.
Unloading 1135 Unused Serialized files (Serialized files now loaded: 0)
System memory in use before: 64.1 MB.
System memory in use after: 64.2 MB.

Unloading 4 unused Assets to reduce memory usage. Loaded Objects now: 1652.
Total: 1.509000 ms (FindLiveObjects: 0.197500 ms CreateObjectMapping: 0.041800 ms MarkObjects: 1.254900 ms  DeleteObjects: 0.013700 ms)

========================================================================
Received Prepare
Registering precompiled user dll's ...
Registered in 0.000769 seconds.
Begin MonoManager ReloadAssembly
Native extension for WindowsStandalone target not found
Refreshing native plugins compatible for Editor in 0.30 ms, found 0 plugins.
Preloading 0 native plugins for Editor in 0.00 ms.
Invoked RoslynAnalysisRunner static constructor.
RoslynAnalysisRunner will not be running.
RoslynAnalysisRunner has terminated.
Mono: successfully reloaded assembly
- Completed reload, in  0.823 seconds
Platform modules already initialized, skipping
Refreshing native plugins compatible for Editor in 0.31 ms, found 0 plugins.
Preloading 0 native plugins for Editor in 0.00 ms.
Unloading 1135 Unused Serialized files (Serialized files now loaded: 0)
System memory in use before: 63.3 MB.
System memory in use after: 63.4 MB.

Unloading 4 unused Assets to reduce memory usage. Loaded Objects now: 1654.
Total: 3.453300 ms (FindLiveObjects: 0.186300 ms CreateObjectMapping: 0.052000 ms MarkObjects: 3.192100 ms  DeleteObjects: 0.021000 ms)

========================================================================
Received Prepare
Registering precompiled user dll's ...
Registered in 0.000855 seconds.
Begin MonoManager ReloadAssembly
Native extension for WindowsStandalone target not found
Refreshing native plugins compatible for Editor in 0.47 ms, found 0 plugins.
Preloading 0 native plugins for Editor in 0.00 ms.
Invoked RoslynAnalysisRunner static constructor.
RoslynAnalysisRunner will not be running.
RoslynAnalysisRunner has terminated.
Mono: successfully reloaded assembly
- Completed reload, in  0.901 seconds
Platform modules already initialized, skipping
Refreshing native plugins compatible for Editor in 0.30 ms, found 0 plugins.
Preloading 0 native plugins for Editor in 0.00 ms.
Unloading 1135 Unused Serialized files (Serialized files now loaded: 0)
System memory in use before: 63.5 MB.
System memory in use after: 63.6 MB.

Unloading 4 unused Assets to reduce memory usage. Loaded Objects now: 1656.
Total: 1.679800 ms (FindLiveObjects: 0.160200 ms CreateObjectMapping: 0.041000 ms MarkObjects: 1.460900 ms  DeleteObjects: 0.016200 ms)

========================================================================
Received Prepare
Registering precompiled user dll's ...
Registered in 0.000884 seconds.
Begin MonoManager ReloadAssembly
Native extension for WindowsStandalone target not found
Refreshing native plugins compatible for Editor in 0.31 ms, found 0 plugins.
Preloading 0 native plugins for Editor in 0.00 ms.
Invoked RoslynAnalysisRunner static constructor.
RoslynAnalysisRunner will not be running.
RoslynAnalysisRunner has terminated.
Mono: successfully reloaded assembly
- Completed reload, in  0.784 seconds
Platform modules already initialized, skipping
Refreshing native plugins compatible for Editor in 0.55 ms, found 0 plugins.
Preloading 0 native plugins for Editor in 0.00 ms.
Unloading 1135 Unused Serialized files (Serialized files now loaded: 0)
System memory in use before: 63.7 MB.
System memory in use after: 63.8 MB.

Unloading 4 unused Assets to reduce memory usage. Loaded Objects now: 1658.
Total: 1.708700 ms (FindLiveObjects: 0.126400 ms CreateObjectMapping: 0.032000 ms MarkObjects: 1.534300 ms  DeleteObjects: 0.014600 ms)

AssetImportWorkerClient::OnTransportError - code=2 error=End of file
