Using pre-set license
Built from '2020.2/release' branch; Version is '2020.2.1f1 (270dd8c3da1c) revision 2559448'; Using compiler version '192528614'; Build Type 'Release'
OS: 'Windows 10  (10.0.0) 64bit' Language: 'en' Physical Memory: 16307 MB
BatchMode: 1, IsHumanControllingUs: 0, StartBugReporterOnCrash: 0, Is64bit: 1, IsPro: 0

 COMMAND LINE ARGUMENTS:
C:\Program Files\Unity\Hub\Editor\2020.2.1f1\Editor\Unity.exe
-adb2
-batchMode
-noUpm
-name
AssetImportWorker0
-projectPath
C:/Users/Den/Random-Assets-Platformer
-logFile
Logs/AssetImportWorker0.log
-srvPort
53070
Successfully changed project path to: C:/Users/Den/Random-Assets-Platformer
C:/Users/Den/Random-Assets-Platformer
Using Asset Import Pipeline V2.
Refreshing native plugins compatible for Editor in 33.35 ms, found 0 plugins.
Preloading 0 native plugins for Editor in 0.00 ms.
Initialize engine version: 2020.2.1f1 (270dd8c3da1c)
[Subsystems] Discovering subsystems at path C:/Program Files/Unity/Hub/Editor/2020.2.1f1/Editor/Data/Resources/UnitySubsystems
[Subsystems] Discovering subsystems at path C:/Users/Den/Random-Assets-Platformer/Assets
GfxDevice: creating device client; threaded=0
Direct3D:
    Version:  Direct3D 11.0 [level 11.1]
    Renderer: Radeon RX 570 Series (ID=0x67df)
    Vendor:   
    VRAM:     8171 MB
    Driver:   27.20.14535.1000
Initialize mono
Mono path[0] = 'C:/Program Files/Unity/Hub/Editor/2020.2.1f1/Editor/Data/Managed'
Mono path[1] = 'C:/Program Files/Unity/Hub/Editor/2020.2.1f1/Editor/Data/MonoBleedingEdge/lib/mono/unityjit'
Mono config path = 'C:/Program Files/Unity/Hub/Editor/2020.2.1f1/Editor/Data/MonoBleedingEdge/etc'
Using monoOptions --debugger-agent=transport=dt_socket,embedding=1,server=y,suspend=n,address=127.0.0.1:56168
Begin MonoManager ReloadAssembly
Registering precompiled unity dll's ...
Register platform support module: C:/Program Files/Unity/Hub/Editor/2020.2.1f1/Editor/Data/PlaybackEngines/WindowsStandaloneSupport/UnityEditor.WindowsStandalone.Extensions.dll
Registered in 0.001778 seconds.
Native extension for WindowsStandalone target not found
Refreshing native plugins compatible for Editor in 31.54 ms, found 0 plugins.
Preloading 0 native plugins for Editor in 0.00 ms.
Invoked RoslynAnalysisRunner static constructor.
RoslynAnalysisRunner will not be running.
RoslynAnalysisRunner has terminated.
Mono: successfully reloaded assembly
- Completed reload, in  1.328 seconds
Platform modules already initialized, skipping
Registering precompiled user dll's ...
Registered in 0.001157 seconds.
Begin MonoManager ReloadAssembly
Native extension for WindowsStandalone target not found
Refreshing native plugins compatible for Editor in 0.46 ms, found 0 plugins.
Preloading 0 native plugins for Editor in 0.00 ms.
Invoked RoslynAnalysisRunner static constructor.
RoslynAnalysisRunner will not be running.
RoslynAnalysisRunner has terminated.
Mono: successfully reloaded assembly
- Completed reload, in  0.996 seconds
Platform modules already initialized, skipping
========================================================================
Worker process is ready to serve import requests
Launched and connected shader compiler UnityShaderCompiler.exe after 0.05 seconds
Refreshing native plugins compatible for Editor in 0.47 ms, found 0 plugins.
Preloading 0 native plugins for Editor in 0.00 ms.
Unloading 1140 Unused Serialized files (Serialized files now loaded: 0)
System memory in use before: 57.1 MB.
System memory in use after: 57.2 MB.

Unloading 9 unused Assets to reduce memory usage. Loaded Objects now: 1581.
Total: 2.911800 ms (FindLiveObjects: 0.242900 ms CreateObjectMapping: 0.090300 ms MarkObjects: 2.509900 ms  DeleteObjects: 0.067100 ms)

========================================================================
Received Import Request.
  path: Assets/scripts/Character/MainCharacter.cs
  artifactKey: Guid(8eea45218a76e4c7fa0c3d5121d17e90) Importer(815301076,1909f56bfc062723c751e8b465ee728b)
Start importing Assets/scripts/Character/MainCharacter.cs using Guid(8eea45218a76e4c7fa0c3d5121d17e90) Importer(815301076,1909f56bfc062723c751e8b465ee728b)  -> (artifact id: '32ad22a9dfdfe26e78047a2ea0ecd5c3') in 0.049143 seconds
  Import took 0.053229 seconds .

========================================================================
Received Import Request.
  Time since last request: 0.000510 seconds.
  path: Assets/scripts/Character/CharacterCoinController.cs
  artifactKey: Guid(de9ab08b41f4e4c25bc5d568fd292dc1) Importer(815301076,1909f56bfc062723c751e8b465ee728b)
Start importing Assets/scripts/Character/CharacterCoinController.cs using Guid(de9ab08b41f4e4c25bc5d568fd292dc1) Importer(815301076,1909f56bfc062723c751e8b465ee728b)  -> (artifact id: '28865870fa869cd1be8b268d9183fa49') in 0.008584 seconds
  Import took 0.012003 seconds .

========================================================================
Received Import Request.
  Time since last request: 0.000281 seconds.
  path: Assets/scripts/Character
  artifactKey: Guid(8993608d3a39944f692fc745510ecf44) Importer(815301076,1909f56bfc062723c751e8b465ee728b)
Start importing Assets/scripts/Character using Guid(8993608d3a39944f692fc745510ecf44) Importer(815301076,1909f56bfc062723c751e8b465ee728b)  -> (artifact id: 'ee8561902dc508fc8a9919346b65beec') in 0.008480 seconds
  Import took 0.012232 seconds .

========================================================================
Received Prepare
Refreshing native plugins compatible for Editor in 1.18 ms, found 0 plugins.
Preloading 0 native plugins for Editor in 0.00 ms.
Unloading 2 Unused Serialized files (Serialized files now loaded: 0)
System memory in use before: 34.5 MB.
System memory in use after: 34.6 MB.

Unloading 2 unused Assets to reduce memory usage. Loaded Objects now: 1581.
Total: 2.731800 ms (FindLiveObjects: 0.213300 ms CreateObjectMapping: 0.040100 ms MarkObjects: 2.449900 ms  DeleteObjects: 0.026600 ms)

========================================================================
Received Import Request.
  Time since last request: 88.435709 seconds.
  path: Assets/scripts/Sound/SoundGenerator.cs
  artifactKey: Guid(534e80292e6504ce1baba5e4eac40704) Importer(815301076,1909f56bfc062723c751e8b465ee728b)
Start importing Assets/scripts/Sound/SoundGenerator.cs using Guid(534e80292e6504ce1baba5e4eac40704) Importer(815301076,1909f56bfc062723c751e8b465ee728b)  -> (artifact id: '0ef9216a26dcf457cb1b2dec40a4f14f') in 0.009392 seconds
  Import took 0.013237 seconds .

========================================================================
Received Prepare
Registering precompiled user dll's ...
Registered in 0.000981 seconds.
Begin MonoManager ReloadAssembly
Native extension for WindowsStandalone target not found
Refreshing native plugins compatible for Editor in 0.44 ms, found 0 plugins.
Preloading 0 native plugins for Editor in 0.00 ms.
Invoked RoslynAnalysisRunner static constructor.
RoslynAnalysisRunner will not be running.
RoslynAnalysisRunner has terminated.
Mono: successfully reloaded assembly
- Completed reload, in  0.999 seconds
Platform modules already initialized, skipping
Refreshing native plugins compatible for Editor in 0.45 ms, found 0 plugins.
Preloading 0 native plugins for Editor in 0.00 ms.
Unloading 1134 Unused Serialized files (Serialized files now loaded: 0)
System memory in use before: 57.1 MB.
System memory in use after: 57.2 MB.

Unloading 4 unused Assets to reduce memory usage. Loaded Objects now: 1583.
Total: 2.755900 ms (FindLiveObjects: 0.340100 ms CreateObjectMapping: 0.051400 ms MarkObjects: 2.333800 ms  DeleteObjects: 0.028200 ms)

========================================================================
Received Import Request.
  Time since last request: 16404.865368 seconds.
  path: Assets/scripts/Canvas
  artifactKey: Guid(2c7ed8942ab1f46b59aadbc9f5cb6a9f) Importer(815301076,1909f56bfc062723c751e8b465ee728b)
Start importing Assets/scripts/Canvas using Guid(2c7ed8942ab1f46b59aadbc9f5cb6a9f) Importer(815301076,1909f56bfc062723c751e8b465ee728b)  -> (artifact id: '3a5e6de30ef3144ed208febc3ea2a19c') in 0.013221 seconds
  Import took 0.021704 seconds .

========================================================================
Received Import Request.
  Time since last request: 0.007684 seconds.
  path: Assets/scripts/Canvas
  artifactKey: Guid(2c7ed8942ab1f46b59aadbc9f5cb6a9f) Importer(815301076,1909f56bfc062723c751e8b465ee728b)
Start importing Assets/scripts/Canvas using Guid(2c7ed8942ab1f46b59aadbc9f5cb6a9f) Importer(815301076,1909f56bfc062723c751e8b465ee728b)  -> (artifact id: '3a5e6de30ef3144ed208febc3ea2a19c') in 0.003472 seconds
  Import took 0.007171 seconds .

========================================================================
Received Import Request.
  Time since last request: 4.699538 seconds.
  path: Assets/scripts/Canvas/CoinsController.cs
  artifactKey: Guid(0891005238490459294894e93c66527e) Importer(815301076,1909f56bfc062723c751e8b465ee728b)
Start importing Assets/scripts/Canvas/CoinsController.cs using Guid(0891005238490459294894e93c66527e) Importer(815301076,1909f56bfc062723c751e8b465ee728b)  -> (artifact id: '3eb248a668b4ca9fa11738c599662eb9') in 0.009073 seconds
  Import took 0.017322 seconds .

========================================================================
Received Import Request.
  Time since last request: 0.833280 seconds.
  path: Assets/scripts/Canvas/HealthController.cs
  artifactKey: Guid(c2f763fc0e5304f1987c7ff7928007f8) Importer(815301076,1909f56bfc062723c751e8b465ee728b)
Start importing Assets/scripts/Canvas/HealthController.cs using Guid(c2f763fc0e5304f1987c7ff7928007f8) Importer(815301076,1909f56bfc062723c751e8b465ee728b)  -> (artifact id: '80e18f98021ca2e2143fd150eb10feda') in 0.009076 seconds
  Import took 0.017075 seconds .

========================================================================
Received Import Request.
  Time since last request: 3.757681 seconds.
  path: Assets/scripts/Character/CharacterCameraController.cs
  artifactKey: Guid(47dfc95d7df984669a042a38407afb3c) Importer(815301076,1909f56bfc062723c751e8b465ee728b)
Start importing Assets/scripts/Character/CharacterCameraController.cs using Guid(47dfc95d7df984669a042a38407afb3c) Importer(815301076,1909f56bfc062723c751e8b465ee728b)  -> (artifact id: '33b9b73072ce3d750ae103cc849ce04f') in 0.008792 seconds
  Import took 0.012346 seconds .

========================================================================
Received Import Request.
  Time since last request: 2.662716 seconds.
  path: Assets/scripts/Character/CharacterStatus.cs
  artifactKey: Guid(46bb054a2875240d6a2308c6314fdb6a) Importer(815301076,1909f56bfc062723c751e8b465ee728b)
Start importing Assets/scripts/Character/CharacterStatus.cs using Guid(46bb054a2875240d6a2308c6314fdb6a) Importer(815301076,1909f56bfc062723c751e8b465ee728b)  -> (artifact id: '63566559ee9e1c7aca9adfe7c2643e67') in 0.008903 seconds
  Import took 0.016994 seconds .

========================================================================
Received Import Request.
  Time since last request: 0.518555 seconds.
  path: Assets/scripts/Character/CustomCharacterController.cs
  artifactKey: Guid(ddbe13b0b8f1d4e198a3ed07429fb313) Importer(815301076,1909f56bfc062723c751e8b465ee728b)
Start importing Assets/scripts/Character/CustomCharacterController.cs using Guid(ddbe13b0b8f1d4e198a3ed07429fb313) Importer(815301076,1909f56bfc062723c751e8b465ee728b)  -> (artifact id: '7940ee9de22df52e5b33e218b7a59271') in 0.008890 seconds
  Import took 0.016952 seconds .

========================================================================
Received Prepare
Registering precompiled user dll's ...
Registered in 0.001229 seconds.
Begin MonoManager ReloadAssembly
Native extension for WindowsStandalone target not found
Refreshing native plugins compatible for Editor in 0.49 ms, found 0 plugins.
Preloading 0 native plugins for Editor in 0.00 ms.
Invoked RoslynAnalysisRunner static constructor.
RoslynAnalysisRunner will not be running.
RoslynAnalysisRunner has terminated.
Mono: successfully reloaded assembly
- Completed reload, in  1.022 seconds
Platform modules already initialized, skipping
Refreshing native plugins compatible for Editor in 0.51 ms, found 0 plugins.
Preloading 0 native plugins for Editor in 0.00 ms.
Unloading 1134 Unused Serialized files (Serialized files now loaded: 0)
System memory in use before: 57.2 MB.
System memory in use after: 57.3 MB.

Unloading 4 unused Assets to reduce memory usage. Loaded Objects now: 1585.
Total: 2.930100 ms (FindLiveObjects: 0.215500 ms CreateObjectMapping: 0.055200 ms MarkObjects: 2.633500 ms  DeleteObjects: 0.024000 ms)

========================================================================
Received Prepare
Registering precompiled user dll's ...
Registered in 0.000920 seconds.
Begin MonoManager ReloadAssembly
Native extension for WindowsStandalone target not found
Refreshing native plugins compatible for Editor in 0.45 ms, found 0 plugins.
Preloading 0 native plugins for Editor in 0.00 ms.
Invoked RoslynAnalysisRunner static constructor.
RoslynAnalysisRunner will not be running.
RoslynAnalysisRunner has terminated.
Mono: successfully reloaded assembly
- Completed reload, in  0.911 seconds
Platform modules already initialized, skipping
Refreshing native plugins compatible for Editor in 0.60 ms, found 0 plugins.
Preloading 0 native plugins for Editor in 0.00 ms.
Unloading 1134 Unused Serialized files (Serialized files now loaded: 0)
System memory in use before: 57.3 MB.
System memory in use after: 57.4 MB.

Unloading 4 unused Assets to reduce memory usage. Loaded Objects now: 1587.
Total: 2.891900 ms (FindLiveObjects: 0.344300 ms CreateObjectMapping: 0.071500 ms MarkObjects: 2.452400 ms  DeleteObjects: 0.021200 ms)

========================================================================
Received Prepare
Registering precompiled user dll's ...
Registered in 0.001094 seconds.
Begin MonoManager ReloadAssembly
Native extension for WindowsStandalone target not found
Refreshing native plugins compatible for Editor in 0.50 ms, found 0 plugins.
Preloading 0 native plugins for Editor in 0.00 ms.
Invoked RoslynAnalysisRunner static constructor.
RoslynAnalysisRunner will not be running.
RoslynAnalysisRunner has terminated.
Mono: successfully reloaded assembly
- Completed reload, in  0.927 seconds
Platform modules already initialized, skipping
Refreshing native plugins compatible for Editor in 0.58 ms, found 0 plugins.
Preloading 0 native plugins for Editor in 0.00 ms.
Unloading 1134 Unused Serialized files (Serialized files now loaded: 0)
System memory in use before: 57.4 MB.
System memory in use after: 57.5 MB.

Unloading 4 unused Assets to reduce memory usage. Loaded Objects now: 1589.
Total: 2.799800 ms (FindLiveObjects: 0.223000 ms CreateObjectMapping: 0.055700 ms MarkObjects: 2.488900 ms  DeleteObjects: 0.030000 ms)

========================================================================
Received Prepare
Registering precompiled user dll's ...
Registered in 0.001061 seconds.
Begin MonoManager ReloadAssembly
Native extension for WindowsStandalone target not found
Refreshing native plugins compatible for Editor in 0.54 ms, found 0 plugins.
Preloading 0 native plugins for Editor in 0.00 ms.
Invoked RoslynAnalysisRunner static constructor.
RoslynAnalysisRunner will not be running.
RoslynAnalysisRunner has terminated.
Mono: successfully reloaded assembly
- Completed reload, in  1.032 seconds
Platform modules already initialized, skipping
Refreshing native plugins compatible for Editor in 0.73 ms, found 0 plugins.
Preloading 0 native plugins for Editor in 0.00 ms.
Unloading 1134 Unused Serialized files (Serialized files now loaded: 0)
System memory in use before: 57.5 MB.
System memory in use after: 57.6 MB.

Unloading 4 unused Assets to reduce memory usage. Loaded Objects now: 1591.
Total: 2.592900 ms (FindLiveObjects: 0.215800 ms CreateObjectMapping: 0.040800 ms MarkObjects: 2.314300 ms  DeleteObjects: 0.020600 ms)

========================================================================
Received Prepare
Registering precompiled user dll's ...
Registered in 0.001247 seconds.
Begin MonoManager ReloadAssembly
Native extension for WindowsStandalone target not found
Refreshing native plugins compatible for Editor in 0.45 ms, found 0 plugins.
Preloading 0 native plugins for Editor in 0.00 ms.
Invoked RoslynAnalysisRunner static constructor.
RoslynAnalysisRunner will not be running.
RoslynAnalysisRunner has terminated.
Mono: successfully reloaded assembly
- Completed reload, in  0.997 seconds
Platform modules already initialized, skipping
Refreshing native plugins compatible for Editor in 0.57 ms, found 0 plugins.
Preloading 0 native plugins for Editor in 0.00 ms.
Unloading 1134 Unused Serialized files (Serialized files now loaded: 0)
System memory in use before: 57.6 MB.
System memory in use after: 57.7 MB.

Unloading 4 unused Assets to reduce memory usage. Loaded Objects now: 1593.
Total: 2.638600 ms (FindLiveObjects: 0.206900 ms CreateObjectMapping: 0.054500 ms MarkObjects: 2.350900 ms  DeleteObjects: 0.024500 ms)

========================================================================
Received Import Request.
  Time since last request: 1108.548587 seconds.
  path: Assets/sprites/effects/White puff/whitePuff23.png
  artifactKey: Guid(e64ce8560bfc34cb39d6878b547fcba9) Importer(815301076,1909f56bfc062723c751e8b465ee728b)
Start importing Assets/sprites/effects/White puff/whitePuff23.png using Guid(e64ce8560bfc34cb39d6878b547fcba9) Importer(815301076,1909f56bfc062723c751e8b465ee728b)  -> (artifact id: 'fdf5815fce2e1669302fcedc02430061') in 0.182281 seconds
  Import took 0.186366 seconds .

========================================================================
Received Import Request.
  Time since last request: 0.000300 seconds.
  path: Assets/sprites/effects/White puff/whitePuff24.png
  artifactKey: Guid(1ac99831b31824a12b80443bd0ac1661) Importer(815301076,1909f56bfc062723c751e8b465ee728b)
Start importing Assets/sprites/effects/White puff/whitePuff24.png using Guid(1ac99831b31824a12b80443bd0ac1661) Importer(815301076,1909f56bfc062723c751e8b465ee728b)  -> (artifact id: '384e0aa4ddf549de75ebcc4becc60a47') in 0.040799 seconds
  Import took 0.044473 seconds .

========================================================================
Received Import Request.
  Time since last request: 0.501363 seconds.
  path: Assets/sprites/effects/White puff/whitePuff21.png
  artifactKey: Guid(e938791aca5f34e7199ea58d30be6cb3) Importer(815301076,1909f56bfc062723c751e8b465ee728b)
Start importing Assets/sprites/effects/White puff/whitePuff21.png using Guid(e938791aca5f34e7199ea58d30be6cb3) Importer(815301076,1909f56bfc062723c751e8b465ee728b)  -> (artifact id: 'a6797671e73ea784785133df43a0191d') in 0.041025 seconds
  Import took 0.045083 seconds .

========================================================================
Received Import Request.
  Time since last request: 0.000290 seconds.
  path: Assets/sprites/effects/White puff/whitePuff22.png
  artifactKey: Guid(3cecbeb0df3ff473097d0157ca7b44c5) Importer(815301076,1909f56bfc062723c751e8b465ee728b)
Start importing Assets/sprites/effects/White puff/whitePuff22.png using Guid(3cecbeb0df3ff473097d0157ca7b44c5) Importer(815301076,1909f56bfc062723c751e8b465ee728b)  -> (artifact id: '32b52bcea7272f961d4cecf5d8437aed') in 0.035791 seconds
  Import took 0.038372 seconds .

========================================================================
Received Import Request.
  Time since last request: 0.646318 seconds.
  path: Assets/sprites/effects/White puff/whitePuff19.png
  artifactKey: Guid(34816b930fddc4800878731a792a9734) Importer(815301076,1909f56bfc062723c751e8b465ee728b)
Start importing Assets/sprites/effects/White puff/whitePuff19.png using Guid(34816b930fddc4800878731a792a9734) Importer(815301076,1909f56bfc062723c751e8b465ee728b)  -> (artifact id: 'd28d3ddcd7169e69a9cfbaad29f8502b') in 0.036494 seconds
  Import took 0.040094 seconds .

========================================================================
Received Import Request.
  Time since last request: 0.000255 seconds.
  path: Assets/sprites/effects/White puff/whitePuff20.png
  artifactKey: Guid(d5fd411b68693452c92a519ad08549b3) Importer(815301076,1909f56bfc062723c751e8b465ee728b)
Start importing Assets/sprites/effects/White puff/whitePuff20.png using Guid(d5fd411b68693452c92a519ad08549b3) Importer(815301076,1909f56bfc062723c751e8b465ee728b)  -> (artifact id: '2629f3bd924a3f8f09d5925061fe4dcc') in 0.038848 seconds
  Import took 0.042350 seconds .

========================================================================
Received Import Request.
  Time since last request: 0.174837 seconds.
  path: Assets/sprites/effects/White puff/whitePuff17.png
  artifactKey: Guid(67461aff175124a65b48dee8ba9fb2e9) Importer(815301076,1909f56bfc062723c751e8b465ee728b)
Start importing Assets/sprites/effects/White puff/whitePuff17.png using Guid(67461aff175124a65b48dee8ba9fb2e9) Importer(815301076,1909f56bfc062723c751e8b465ee728b)  -> (artifact id: 'fe9997d2c0b9072a6f057bde25687f80') in 0.036446 seconds
  Import took 0.039716 seconds .

========================================================================
Received Import Request.
  Time since last request: 0.000314 seconds.
  path: Assets/sprites/effects/White puff/whitePuff18.png
  artifactKey: Guid(f8660e611c0e040f6a5daa909b03d50c) Importer(815301076,1909f56bfc062723c751e8b465ee728b)
Start importing Assets/sprites/effects/White puff/whitePuff18.png using Guid(f8660e611c0e040f6a5daa909b03d50c) Importer(815301076,1909f56bfc062723c751e8b465ee728b)  -> (artifact id: 'cf4114f79a1ce5bef95fc992f0634fc5') in 0.036925 seconds
  Import took 0.040840 seconds .

========================================================================
Received Import Request.
  Time since last request: 170.028086 seconds.
  path: Assets/TextMesh Pro/Resources/Fonts & Materials/LiberationSans SDF - Drop Shadow.mat
  artifactKey: Guid(e73a58f6e2794ae7b1b7e50b7fb811b0) Importer(815301076,1909f56bfc062723c751e8b465ee728b)
Start importing Assets/TextMesh Pro/Resources/Fonts & Materials/LiberationSans SDF - Drop Shadow.mat using Guid(e73a58f6e2794ae7b1b7e50b7fb811b0) Importer(815301076,1909f56bfc062723c751e8b465ee728b)  -> (artifact id: 'c9f838aa9920f0a87f0d9c9c00e166a9') in 0.193906 seconds
  Import took 0.197736 seconds .

========================================================================
Received Import Request.
  Time since last request: 0.000319 seconds.
  path: Assets/TextMesh Pro/Resources/Fonts & Materials/LiberationSans SDF - Outline.mat
  artifactKey: Guid(79459efec17a4d00a321bdcc27bbc385) Importer(815301076,1909f56bfc062723c751e8b465ee728b)
Start importing Assets/TextMesh Pro/Resources/Fonts & Materials/LiberationSans SDF - Outline.mat using Guid(79459efec17a4d00a321bdcc27bbc385) Importer(815301076,1909f56bfc062723c751e8b465ee728b)  -> (artifact id: '6d9fcbcb84b37b887c31e305afb13524') in 0.132370 seconds
  Import took 0.136832 seconds .

========================================================================
Received Import Request.
  Time since last request: 0.000302 seconds.
  path: Assets/TextMesh Pro/Resources/Fonts & Materials/LiberationSans SDF - Fallback.asset
  artifactKey: Guid(2e498d1c8094910479dc3e1b768306a4) Importer(815301076,1909f56bfc062723c751e8b465ee728b)
Start importing Assets/TextMesh Pro/Resources/Fonts & Materials/LiberationSans SDF - Fallback.asset using Guid(2e498d1c8094910479dc3e1b768306a4) Importer(815301076,1909f56bfc062723c751e8b465ee728b)  -> (artifact id: '4537c845667f4fa7a13ced69bf8f583b') in 0.065632 seconds
  Import took 0.069804 seconds .

========================================================================
Received Import Request.
  Time since last request: 0.000269 seconds.
  path: Assets/TextMesh Pro/Resources/Fonts & Materials/LiberationSans SDF - Drop Shadow.mat
  artifactKey: Guid(e73a58f6e2794ae7b1b7e50b7fb811b0) Importer(815301076,1909f56bfc062723c751e8b465ee728b)
Start importing Assets/TextMesh Pro/Resources/Fonts & Materials/LiberationSans SDF - Drop Shadow.mat using Guid(e73a58f6e2794ae7b1b7e50b7fb811b0) Importer(815301076,1909f56bfc062723c751e8b465ee728b)  -> (artifact id: 'c9f838aa9920f0a87f0d9c9c00e166a9') in 0.056404 seconds
  Import took 0.060214 seconds .

========================================================================
Received Import Request.
  Time since last request: 0.000311 seconds.
  path: Assets/TextMesh Pro/Resources/Fonts & Materials/LiberationSans SDF - Fallback.asset
  artifactKey: Guid(2e498d1c8094910479dc3e1b768306a4) Importer(815301076,1909f56bfc062723c751e8b465ee728b)
Start importing Assets/TextMesh Pro/Resources/Fonts & Materials/LiberationSans SDF - Fallback.asset using Guid(2e498d1c8094910479dc3e1b768306a4) Importer(815301076,1909f56bfc062723c751e8b465ee728b)  -> (artifact id: '4537c845667f4fa7a13ced69bf8f583b') in 0.020002 seconds
  Import took 0.023033 seconds .

========================================================================
Received Import Request.
  Time since last request: 0.000259 seconds.
  path: Assets/TextMesh Pro/Resources/Fonts & Materials/LiberationSans SDF.asset
  artifactKey: Guid(8f586378b4e144a9851e7b34d9b748ee) Importer(815301076,1909f56bfc062723c751e8b465ee728b)
Start importing Assets/TextMesh Pro/Resources/Fonts & Materials/LiberationSans SDF.asset using Guid(8f586378b4e144a9851e7b34d9b748ee) Importer(815301076,1909f56bfc062723c751e8b465ee728b)  -> (artifact id: 'f45b531e2dbacb6e4a37e1e6014cda26') in 0.064281 seconds
  Import took 0.067651 seconds .

========================================================================
Received Import Request.
  Time since last request: 0.001288 seconds.
  path: Assets/TextMesh Pro/Resources/Fonts & Materials/LiberationSans SDF.asset
  artifactKey: Guid(8f586378b4e144a9851e7b34d9b748ee) Importer(815301076,1909f56bfc062723c751e8b465ee728b)
Start importing Assets/TextMesh Pro/Resources/Fonts & Materials/LiberationSans SDF.asset using Guid(8f586378b4e144a9851e7b34d9b748ee) Importer(815301076,1909f56bfc062723c751e8b465ee728b)  -> (artifact id: 'f45b531e2dbacb6e4a37e1e6014cda26') in 0.054334 seconds
  Import took 0.058400 seconds .

========================================================================
Received Prepare
Registering precompiled user dll's ...
Registered in 0.001017 seconds.
Begin MonoManager ReloadAssembly
Native extension for WindowsStandalone target not found
Refreshing native plugins compatible for Editor in 0.72 ms, found 0 plugins.
Preloading 0 native plugins for Editor in 0.00 ms.
Invoked RoslynAnalysisRunner static constructor.
RoslynAnalysisRunner will not be running.
RoslynAnalysisRunner has terminated.
Mono: successfully reloaded assembly
- Completed reload, in  1.069 seconds
Platform modules already initialized, skipping
Refreshing native plugins compatible for Editor in 0.55 ms, found 0 plugins.
Preloading 0 native plugins for Editor in 0.00 ms.
Unloading 1147 Unused Serialized files (Serialized files now loaded: 0)
System memory in use before: 64.2 MB.
System memory in use after: 63.7 MB.

Unloading 16 unused Assets to reduce memory usage. Loaded Objects now: 1654.
Total: 2.988000 ms (FindLiveObjects: 0.271600 ms CreateObjectMapping: 0.058700 ms MarkObjects: 2.295200 ms  DeleteObjects: 0.360900 ms)

========================================================================
Received Prepare
Registering precompiled user dll's ...
Registered in 0.001025 seconds.
Begin MonoManager ReloadAssembly
Native extension for WindowsStandalone target not found
Refreshing native plugins compatible for Editor in 0.49 ms, found 0 plugins.
Preloading 0 native plugins for Editor in 0.00 ms.
Invoked RoslynAnalysisRunner static constructor.
RoslynAnalysisRunner will not be running.
RoslynAnalysisRunner has terminated.
Mono: successfully reloaded assembly
- Completed reload, in  0.954 seconds
Platform modules already initialized, skipping
Refreshing native plugins compatible for Editor in 0.59 ms, found 0 plugins.
Preloading 0 native plugins for Editor in 0.00 ms.
Unloading 1146 Unused Serialized files (Serialized files now loaded: 0)
System memory in use before: 64.2 MB.
System memory in use after: 63.8 MB.

Unloading 16 unused Assets to reduce memory usage. Loaded Objects now: 1656.
Total: 3.475700 ms (FindLiveObjects: 0.255600 ms CreateObjectMapping: 0.052100 ms MarkObjects: 2.775200 ms  DeleteObjects: 0.389800 ms)

========================================================================
Received Import Request.
  Time since last request: 1180.043445 seconds.
  path: Assets/prefabs/Menu
  artifactKey: Guid(d5c7d2a1ce1a6a34f9103c68998790b4) Importer(815301076,1909f56bfc062723c751e8b465ee728b)
Start importing Assets/prefabs/Menu using Guid(d5c7d2a1ce1a6a34f9103c68998790b4) Importer(815301076,1909f56bfc062723c751e8b465ee728b)  -> (artifact id: '199cedd3a67aa41105d382cf5d0e85e6') in 0.017000 seconds
  Import took 0.020911 seconds .

========================================================================
Received Import Request.
  Time since last request: 1.486304 seconds.
  path: Assets/prefabs/Menu/MainMenu.prefab
  artifactKey: Guid(e7d74043c1904014fb709ac82e478b86) Importer(815301076,1909f56bfc062723c751e8b465ee728b)
Start importing Assets/prefabs/Menu/MainMenu.prefab using Guid(e7d74043c1904014fb709ac82e478b86) Importer(815301076,1909f56bfc062723c751e8b465ee728b)  -> (artifact id: 'b5bc0928c8ec3cac6474a39f587d6fde') in 0.120571 seconds
  Import took 0.125513 seconds .

========================================================================
Received Import Request.
  Time since last request: 318.442327 seconds.
  path: Assets/prefabs/Menu/Options.prefab
  artifactKey: Guid(65b621c148f77b34abfd4e67705d4bf8) Importer(815301076,1909f56bfc062723c751e8b465ee728b)
Start importing Assets/prefabs/Menu/Options.prefab using Guid(65b621c148f77b34abfd4e67705d4bf8) Importer(815301076,1909f56bfc062723c751e8b465ee728b)  -> (artifact id: '5df8046d10a54bc351a3c296c0215d0c') in 0.053112 seconds
  Import took 0.058730 seconds .

========================================================================
Received Import Request.
  Time since last request: 0.009367 seconds.
  path: Assets/prefabs/Menu/Options.prefab
  artifactKey: Guid(65b621c148f77b34abfd4e67705d4bf8) Importer(815301076,1909f56bfc062723c751e8b465ee728b)
Start importing Assets/prefabs/Menu/Options.prefab using Guid(65b621c148f77b34abfd4e67705d4bf8) Importer(815301076,1909f56bfc062723c751e8b465ee728b)  -> (artifact id: '5df8046d10a54bc351a3c296c0215d0c') in 0.041174 seconds
  Import took 0.044814 seconds .

========================================================================
Received Import Request.
  Time since last request: 24.475544 seconds.
  path: Assets/prefabs/Menu/Options.prefab
  artifactKey: Guid(65b621c148f77b34abfd4e67705d4bf8) Importer(815301076,1909f56bfc062723c751e8b465ee728b)
Start importing Assets/prefabs/Menu/Options.prefab using Guid(65b621c148f77b34abfd4e67705d4bf8) Importer(815301076,1909f56bfc062723c751e8b465ee728b)  -> (artifact id: '19e9d050c94cae21d09a33201c6db2c3') in 0.040683 seconds
  Import took 0.044122 seconds .

========================================================================
Received Import Request.
  Time since last request: 0.000381 seconds.
  path: Assets/prefabs/Menu/Options.prefab
  artifactKey: Guid(65b621c148f77b34abfd4e67705d4bf8) Importer(815301076,1909f56bfc062723c751e8b465ee728b)
Start importing Assets/prefabs/Menu/Options.prefab using Guid(65b621c148f77b34abfd4e67705d4bf8) Importer(815301076,1909f56bfc062723c751e8b465ee728b)  -> (artifact id: '19e9d050c94cae21d09a33201c6db2c3') in 0.047052 seconds
  Import took 0.050029 seconds .

========================================================================
Received Prepare
Registering precompiled user dll's ...
Registered in 0.001317 seconds.
Begin MonoManager ReloadAssembly
Native extension for WindowsStandalone target not found
Refreshing native plugins compatible for Editor in 0.49 ms, found 0 plugins.
Preloading 0 native plugins for Editor in 0.00 ms.
Invoked RoslynAnalysisRunner static constructor.
RoslynAnalysisRunner will not be running.
RoslynAnalysisRunner has terminated.
Mono: successfully reloaded assembly
- Completed reload, in  1.108 seconds
Platform modules already initialized, skipping
Refreshing native plugins compatible for Editor in 0.54 ms, found 0 plugins.
Preloading 0 native plugins for Editor in 0.00 ms.
Unloading 1146 Unused Serialized files (Serialized files now loaded: 0)
System memory in use before: 64.3 MB.
System memory in use after: 63.8 MB.

Unloading 19 unused Assets to reduce memory usage. Loaded Objects now: 1658.
Total: 3.346800 ms (FindLiveObjects: 0.293900 ms CreateObjectMapping: 0.055900 ms MarkObjects: 2.598400 ms  DeleteObjects: 0.396700 ms)

========================================================================
Received Prepare
Registering precompiled user dll's ...
Registered in 0.001008 seconds.
Begin MonoManager ReloadAssembly
Native extension for WindowsStandalone target not found
Refreshing native plugins compatible for Editor in 0.92 ms, found 0 plugins.
Preloading 0 native plugins for Editor in 0.00 ms.
Invoked RoslynAnalysisRunner static constructor.
RoslynAnalysisRunner will not be running.
RoslynAnalysisRunner has terminated.
Mono: successfully reloaded assembly
- Completed reload, in  1.056 seconds
Platform modules already initialized, skipping
Refreshing native plugins compatible for Editor in 0.52 ms, found 0 plugins.
Preloading 0 native plugins for Editor in 0.00 ms.
Unloading 1146 Unused Serialized files (Serialized files now loaded: 0)
System memory in use before: 64.4 MB.
System memory in use after: 64.0 MB.

Unloading 16 unused Assets to reduce memory usage. Loaded Objects now: 1660.
Total: 4.808500 ms (FindLiveObjects: 2.063200 ms CreateObjectMapping: 0.085100 ms MarkObjects: 2.251500 ms  DeleteObjects: 0.406900 ms)

========================================================================
Received Prepare
Registering precompiled user dll's ...
Registered in 0.001070 seconds.
Begin MonoManager ReloadAssembly
Native extension for WindowsStandalone target not found
Refreshing native plugins compatible for Editor in 0.61 ms, found 0 plugins.
Preloading 0 native plugins for Editor in 0.00 ms.
Invoked RoslynAnalysisRunner static constructor.
RoslynAnalysisRunner will not be running.
RoslynAnalysisRunner has terminated.
Mono: successfully reloaded assembly
- Completed reload, in  1.097 seconds
Platform modules already initialized, skipping
Refreshing native plugins compatible for Editor in 0.60 ms, found 0 plugins.
Preloading 0 native plugins for Editor in 0.00 ms.
Unloading 1146 Unused Serialized files (Serialized files now loaded: 0)
System memory in use before: 64.6 MB.
System memory in use after: 64.1 MB.

Unloading 16 unused Assets to reduce memory usage. Loaded Objects now: 1662.
Total: 5.263900 ms (FindLiveObjects: 0.228400 ms CreateObjectMapping: 0.059000 ms MarkObjects: 4.297200 ms  DeleteObjects: 0.676500 ms)

========================================================================
Received Prepare
Registering precompiled user dll's ...
Registered in 0.001012 seconds.
Begin MonoManager ReloadAssembly
Native extension for WindowsStandalone target not found
Refreshing native plugins compatible for Editor in 0.64 ms, found 0 plugins.
Preloading 0 native plugins for Editor in 0.00 ms.
Invoked RoslynAnalysisRunner static constructor.
RoslynAnalysisRunner will not be running.
RoslynAnalysisRunner has terminated.
Mono: successfully reloaded assembly
- Completed reload, in  1.074 seconds
Platform modules already initialized, skipping
Refreshing native plugins compatible for Editor in 0.56 ms, found 0 plugins.
Preloading 0 native plugins for Editor in 0.00 ms.
Unloading 1146 Unused Serialized files (Serialized files now loaded: 0)
System memory in use before: 64.7 MB.
System memory in use after: 64.2 MB.

Unloading 16 unused Assets to reduce memory usage. Loaded Objects now: 1664.
Total: 3.524900 ms (FindLiveObjects: 0.310900 ms CreateObjectMapping: 0.063100 ms MarkObjects: 2.769900 ms  DeleteObjects: 0.379000 ms)

========================================================================
Received Prepare
Registering precompiled user dll's ...
Registered in 0.000933 seconds.
Begin MonoManager ReloadAssembly
Native extension for WindowsStandalone target not found
Refreshing native plugins compatible for Editor in 0.51 ms, found 0 plugins.
Preloading 0 native plugins for Editor in 0.00 ms.
Invoked RoslynAnalysisRunner static constructor.
RoslynAnalysisRunner will not be running.
RoslynAnalysisRunner has terminated.
Mono: successfully reloaded assembly
- Completed reload, in  0.977 seconds
Platform modules already initialized, skipping
Refreshing native plugins compatible for Editor in 0.50 ms, found 0 plugins.
Preloading 0 native plugins for Editor in 0.00 ms.
Unloading 1146 Unused Serialized files (Serialized files now loaded: 0)
System memory in use before: 64.8 MB.
System memory in use after: 64.3 MB.

Unloading 16 unused Assets to reduce memory usage. Loaded Objects now: 1666.
Total: 3.549900 ms (FindLiveObjects: 0.300600 ms CreateObjectMapping: 0.081700 ms MarkObjects: 2.557000 ms  DeleteObjects: 0.607900 ms)

========================================================================
Received Prepare
Registering precompiled user dll's ...
Registered in 0.001103 seconds.
Begin MonoManager ReloadAssembly
Native extension for WindowsStandalone target not found
Refreshing native plugins compatible for Editor in 0.48 ms, found 0 plugins.
Preloading 0 native plugins for Editor in 0.00 ms.
Invoked RoslynAnalysisRunner static constructor.
RoslynAnalysisRunner will not be running.
RoslynAnalysisRunner has terminated.
Mono: successfully reloaded assembly
- Completed reload, in  1.030 seconds
Platform modules already initialized, skipping
Refreshing native plugins compatible for Editor in 0.45 ms, found 0 plugins.
Preloading 0 native plugins for Editor in 0.00 ms.
Unloading 1146 Unused Serialized files (Serialized files now loaded: 0)
System memory in use before: 64.9 MB.
System memory in use after: 64.4 MB.

Unloading 16 unused Assets to reduce memory usage. Loaded Objects now: 1668.
Total: 6.421500 ms (FindLiveObjects: 0.352000 ms CreateObjectMapping: 1.741700 ms MarkObjects: 3.928700 ms  DeleteObjects: 0.397000 ms)

